<?xml version="1.0" encoding="UTF-8"?>
<testng-results ignored="0" total="1" passed="1" failed="0" skipped="0">
  <reporter-output>
  </reporter-output>
  <suite started-at="2024-12-06T19:11:46 IST" name="Default suite" finished-at="2024-12-06T19:11:48 IST" duration-ms="2815">
    <groups>
    </groups>
    <test started-at="2024-12-06T19:11:46 IST" name="Default test" finished-at="2024-12-06T19:11:48 IST" duration-ms="2815">
      <class name="com.example.testcases.AddToCart_T01">
        <test-method is-config="true" signature="Configuration(org.testng.ITestContext)[pri:0, instance:com.example.testcases.AddToCart_T01@212b5695]" started-at="2024-12-06T19:11:21 IST" name="Configuration" finished-at="2024-12-06T19:11:46 IST" duration-ms="24598" status="PASS">
          <params>
            <param index="0">
              <value>
                <![CDATA[org.testng.TestRunner@5b989dc7]]>
              </value>
            </param>
          </params>
          <reporter-output>
          </reporter-output>
        </test-method> <!-- Configuration -->
        <test-method signature="ecommerceTest()[pri:1, instance:com.example.testcases.AddToCart_T01@212b5695]" started-at="2024-12-06T19:11:46 IST" name="ecommerceTest" finished-at="2024-12-06T19:11:48 IST" duration-ms="2786" status="PASS">
          <reporter-output>
          </reporter-output>
        </test-method> <!-- ecommerceTest -->
        <test-method is-config="true" signature="tearDown()[pri:0, instance:com.example.testcases.AddToCart_T01@212b5695]" started-at="2024-12-06T19:11:48 IST" name="tearDown" finished-at="2024-12-06T19:11:50 IST" duration-ms="1616" status="PASS">
          <reporter-output>
          </reporter-output>
        </test-method> <!-- tearDown -->
      </class> <!-- com.example.testcases.AddToCart_T01 -->
    </test> <!-- Default test -->
  </suite> <!-- Default suite -->
</testng-results>
